[    0.000000] Initializing cgroup subsys cpuset
[    0.000000] Initializing cgroup subsys cpu
[    0.000000] Initializing cgroup subsys cpuacct
[    0.000000] Linux version 4.4.0-145-generic (buildd@lcy01-amd64-027) (gcc version 5.4.0 20160609 (Ubuntu 5.4.0-6ubuntu1~16.04.10) ) #171-Ubuntu SMP Tue Mar 26 12:43:40 UTC 2019 (Ubuntu 4.4.0-145.171-generic 4.4.176)
[    0.000000] Command line: BOOT_IMAGE=/boot/vmlinuz-4.4.0-145-generic root=UUID=48628860-7699-4c6a-971e-5165408082e0 ro console=tty1 console=ttyS0
[    0.000000] KERNEL supported cpus:
[    0.000000]   Intel GenuineIntel
[    0.000000]   AMD AuthenticAMD
[    0.000000]   Centaur CentaurHauls
[    0.000000] x86/fpu: xstate_offset[2]:  576, xstate_sizes[2]:  256
[    0.000000] x86/fpu: Supporting XSAVE feature 0x01: 'x87 floating point registers'
[    0.000000] x86/fpu: Supporting XSAVE feature 0x02: 'SSE registers'
[    0.000000] x86/fpu: Supporting XSAVE feature 0x04: 'AVX registers'
[    0.000000] x86/fpu: Enabled xstate features 0x7, context sizis 832 bytes, using 'standard' format.
[    0.000000] e820: BIOS-provided physical RAM map:
[    0.000000] BIOS-e820: [mem 0x0000000000000000-0x000000000009fbff] usable
[    0.000000] BIOS--e820: [mem 0x000000000009fc00-0x000000000009ffff] reserved
[    0.000000] BIOS-e820: [mem 0x00000000000f0000-0x00000000000fffff] reserved
[    0.000000] BIOS-e820: [mem 0x0000000000100000-0x000000003ffeffff] usable
[    0.000000] BIOS-e820: [mem 0x000000003fff0000-0x000000003fffffff] ACPI data
[    0.000000] BIOS-e820: [mem 0x00000000fec00000-0x00000000fec00fff] reserved
[    0.000000] BIOS-e820: [mem 0x00000000fee00000-0x00000000fee00fff] reserved
[    0.000000] BIOS-e820: [mem 0x00000000fffc0000-0x00000000ffffffff] reserved
[    0.000000] NX (Execute Disable) protection: active
[    0.000000] SMBIOS 2.5 present.
[    0.000000] Hypervisor detected: KVM
[    0.000000] e820: last_pfn = 0x3fff0 max_arch_pfn = 0x400000000
[    0.000000] MTRR: Disabled
[    0.000000] x86/PAT: MTRRs disabled, skipping PAT initialization too.
[    0.000000] CPU MTRRs all blank - virtualized system.
[    0.000000] x86/PAT: Configuration [0-7]: WB  WT  UC- UC  WB  WT  UC- UC  
[    0.000000] found SMP MP-table at [mem 0x0009fff0-0x0009ffff] mapped at [ffff88000009fff0]
[    0.000000] Scanning 1 areas for low memory corruption
[    0.000000] RAMDISK: [mem 0x33470000-0x35a2ffff]
[    0.000000] ACPI: Early table checksum verification disabled
[    0.000000] ACPI: RSDP 0x00000000000E0000 000024 (v02 VBOX  )
[    0.000000] ACPI: XSDT 0x000000003FFF0030 00003C (v01 VBOX   VBOXXSDT 00000001 ASL  00000061)
[    0.000000] ACPI: FACP 0x000000003FFF00F0 0000F4 (v04 VBOX   VBOXFACP 00000001 ASL  00000061)
[    0.000000] ACPI: DSDT 0x000000003FFF0470 0021FF (v02 VBOX   VBOXBIOS 00000002 INTL 20100528)
[    0.000000] ACPI: FACS 0x000000003FFF0200 000040
[    0.000000] ACPI: FACS 0x000000003FFF0200 000040
[    0.000000] ACPI: APIC 0x000000003FFF0240 00005C (v02 VBOX   VBOXAPIC 00000001 AL  00000061)
[    0.000000] ACPI: SSDT 0x000000003FFF02A0 0001CC (v01 VBOX   VBOXCPUT 00000002 INTL 20100528)
[    0.000000] No NUMA configuration found
[    0.000000] Faking a node at [mem 0x0000000000000000-0x000000003ffeffff]
[    0.000000] NODE_DATA(0) allocated [mem 0x3ffeb000-0x3ffeffff]
[    0.000000] kvm-clock: Using msrs 4b564d01 and 4b564d00
[    0.000000] kvm-clock: cpu 0, msr 0:3ffe3001, primary cpu clock
[    0.000000] kvm-clock: using sched offset of 6815307774 cycles
[    0.000000] clocksource: kvm-clock: mask: 0xffffffffffffffff max_cycles: 0x1cd42e4dffb, max_idle_ns: 881590591483 ns
[    0.000000] Zone ranges:
[    0.000000]   DMA      [mem 0x0000000000001000-0x000000000ffffff]
[    0.000000]   DMA32    [mem 0x0000000001000000-0x000000003ffeffff]
[    0.000000]   Normal   empty
[    0.000000]   Device   empty
[    0.000000] Movable zone start for each node
[    0.000000] Early memory node ranges
[    0.000000]   node   0: [mem 0x00000000000001000-0x000000000009efff]
[    0.000000]   node   0: [mem 0x0000000000100000-0x000000003ffeffff]
[    0.000000] Initmem setup node 0 [mem 0x0000000000001000-0x000000003ffeffff]
[    0.000000] ACPI: PM-Timer IO Port: 0x4008
[    0.000000] IOAPIC[0]: apic_id 2, version 32, address 0xfec00000, GSI 0-23
[    0.000000] ACPI:NT_SRC_OVR (bus 0 bus_irq 0 global_irq 2 dfl dfl)
[    0.000000] ACPI: INT_SRC_OVR (bus 0 bus_irq 9 global_irq 9 low level)
[    0.000000] Using ACPI (MADT) for SMP configuration information
[    0.000000] smpboot: Allowwing 2 CPUs, 0 hotplug CPUs
[    0.000000] PM: Registered nosave memory: [mem 0x00000000-0x00000fff]
[    0.000000] PM: Registered nosave memory: [mem 0x0009f000-0x0009ffff]
[    0.000000] PM: Registered nosave memory: [mem 0x000a0000-0x000effff]
[    0.000000] PM: Registered nosave memory: [mem 0x000f0000-0x000fffff]
[    0.000000] e820: [mem 0x40000000-0xfebfffff] available for PCI devices
[    0.000000] Booting paravirtualized kernel on KVM
[    0.000000] clocksource: refined-jiffies: mask: 0xffffffff max_cycles: 0xffffffff, max_idle_ns: 7645519600211568 ns
[    0.000000] setup_percpu: NR_CPUS:512 nr_cpumask_bits:512 nr_cpu_ids:2 nr_node_ids:1
[    0.000000] PERCPU: Embedded 34 pages/cpu @ffff88003fc00000 s99480 r8192 d31592 u1048576
[    0.000000] Built 1 zonelists in Node order, mobility grouping on.  Total pages: 257912
[    0.000000] Policy zone: DMA32
[    0.000000] Kernel command line: BOOT_IMAGE=/boot/vmlinuz-4.4.0-145-generic root=UUID=48628860-7699-4c6a-971e-5165408082e0 ro console=tty1 console=ttyS0
[    0.000000] PID hash table entries: 4096 (order: 3, 32768 bytes)
[    0.000000] Memory: 973904K/1048120K available (8608K kernel code, 1333K rwdata, 4008K rodata, 1484K init, 1284K bss, 74216K reserved, 0K cma-reserved)
[    0.000000] SLUB: HWalign=64, Order=0-3, MinObjects=0, CPUs=2, Nodes=1
[    0.000000] Kernel/User page tables isolation: enabled
[    0.000000] Hierarchical RCU implementation.
[    0.000000] 	Build-time adjustment of leaf fanout to 64.
[    0.000000] 	RCU restricting CPUs from NR_CPUS=512 to nr_cpu_ids=2.
[    0.000000] RCU: Adjusting geometry for rcu_fanout_leaf=64, nr_cpu_ids=2
[    0.000000] NR_IRQS:33024 nr_irqs:440 16
[    0.000000] Console: colour VGA+ 80x25
[    0.000000] console [tty1] enabled
[    0.000000] console [ttyS0] enabled
[    0.000000] tsc: Detected 2700.000 MHz processor
[    0.545774] Calibrating delay loop (skipped) preset value.. 5400.00BogoMIPS (lpj=10800000)
[    0.574544] pid_max: default: 32768 minimum: 301
[    0.576482] ACPI: Core revision 20150930
[    0.579245] ACPI: 2 ACPI AML tables successfully acquired and loaded
[    0.582146] Security Framework initialized
[    0.583897] Yama: becoming mindful.
[    0.585409] AppArmor: AppArmor initialized
[    0.587072] Dentry cache hash table entries: 131072 (order: 8, 1048576 bytes)
[    0.589874] Inode-cache hash table entries: 65536 (order: 7, 524288 bytes)
[    0.592484] Mount-cache hash table entries: 2048 (order: 2, 16384 bytes)
[    0.595110] Mountpoint-cache hash table entries: 2048 (order: 2, 16384 bytes)
[    0.597912] Initializing cgroup subsys io
[    0.599531] Initializing cgroup subsys memory
[    0.601227] Initializing cgroup subsys devices
[    0.602942] Initializing cgroup subsys freezer
[    0.604729] Initializing cgroup subsys net_cls
[    0.606441] Initializing cgroup subsys perf_event
[    0.608262] Initializing cgroup subsys net_prio
[    0.610009] Initializing cgroup subsys hugetlb
[    0.611739] Initializing cgroup subsys pids
[    0.614449] mce: CPU supports 0 MCE banks
[    0.616416] Last level iTLB entries: 4KB 64, 2MB 8, 4MB 8
[    0.618434] Last level dTLB entries: 4KB 64, 2MB 0, 4MB 0, 1GB 4
[    0.620870] Spectre V2 : Mitigation: Full generic retpoline
[    0.647718] Spectre V2 : Spectre v2 / SpectreRSB mitigation: Filling RSB on context switch
[    0.651723] Speculative Store Bypass: Vulnerable
[    0.656059] Freeing SMP alternatives memory: 36K
[    0.662978] ftrace: allocating 32283 entries in 127 pages
[    0.720524] smpboot: APIC(0) Converting physical 0 to logical package 0
[    0.723560] smpboot: Max logical packages: 1
[    0.749032] x2apic enabled
[    0.752453] Switched APIC routing to physical x2apic.
[    0.756265] ..TIMER: vector=0x30 apic1=0 pin1=2 apic2=-1 pin2=-1
[    0.879302] APIC calibration not consistent with PM-Timer: 116ms instead of 100ms
[    0.882845] APIC delta adjusted to PM-Timer: 6246140 (7250188)
[    0.886368] smpboot: CPU0: Intel(R) Core(TM) i5-5257U CPU @ 2.70GHz (family: 0x6, model: 0x3d, stepping: 0x4)
[    0.890359] Performance Events: unsupported p6 CPU model 61 no PMU driver, software events only.
[    0.903130] KVM setup paravirtual spinlock
[    0.905726] x86: Booting SMP configuration:
[    0.907441] .... node  #0, CPUs:      #1
[    0.909315] kvm-clock: cpu 1, msr 0:3ffe3041, secondary cpu clock
[    0.912300] mce: CPU supports 0 MCE banks
[    0.915699] x86: Booted up 1 node, 2 CPUs
[    0.918346] smpboot: Total of 2 processors activated (10800.00 BogoMIPS)
[    0.921374] devtmpfs: initialized
[    0.924066] evm: security.selinux
[    0.925615] evm: security.SMACK64
[    0.926991] evm: security.SMACK64EXEC
[    0.928440] evm: security.SMACK64TRANSMUTE
[    0.930022] evm: security.SMACK64MMAP
[    0.931512] evm: security.ima
[    0.932836] evm: security.capability
[    0.934683] clocksource: jiffies: mask: 0xffffffff max_cycles: 0xffffffff, max_idle_ns: 7645041785100000 ns
[    0.965750] futex hash table entries: 512 (order: 3, 32768 bytes)
[    0.968252] pinctrl core: initialized pinctrl subsystem
[    0.970332] RTC time: 17:00:46, date: 04/18/19
[    0.972297] NET: Registered protocol family 16
[    0.983186] cpuidle: using governor ladder
[    0.995599] cpuidle: using governor menu
[    0.998189] PCCT header not found.
[    0.999888] ACPI: bus type PCI registered
[    1.001568] acpiphp: ACPI Hot Plug PCI Controller Driver version: 0.5
[    1.004353] PCI: Using configuration type 1 for base access
[    1.021820] ACPI: Added _OSI(Module Device)
[    1.024178] ACPI: Added _OSI(Processor Device)
[    1.026004] ACPI: Added _OSI(3.0 _SCP Extensions)
[    1.027972] ACPI: Added _OSI(Processor Aggregator Device)
[    1.031030] ACPI: Executed 1 blocks of module-level executable AML code
[    1.036013] ACPI: Interpreter enabled
[    1.037824] ACPI: (supports S0 S5)
[    1.039737] ACPI: Using IOAPIC for interrupt routing
[    1.042073] PCI: Using host bridge windows from ACPI; if necessary, use "pci=nocrs" and report a bug
[    1.056592] ACPI: PCI Root Bridge [PCI0] (domain 0000 [bus 00-ff])
[    1.060051] acpi PNP0A03:00: _OSC: OS supports [ASPM ClockPM Segments MSI]
[    1.063089] acpi PNP0A03:00: _OSC: not requesting OS control; OS requires [ExtendedConfig ASPM ClockPM MSI]
[    1.066850] acpi PNP0A03:00: fail to add MMCONFIG information, can't access extended PCI configuration space under this bridge.
[    1.071791] PCI host bridge to bus 0000:00
[    1.073381] pci_bus 0000:00: root bus resource [io  0x0000-0x0cf7 window]
[    1.076116] pci_bus 0000:00: root bus resource [io  0x0d00-0xffff window]
[    1.078576] pci_bus 0000:00: root bus resource [mem 0x000a0000-0x000bffff window]
[    1.081484] pci_bus 0000:00: root bus resource [mem 0x40000000-0xfdffffff window]
[    1.084486] pci_bus 0000:00: root bus resource [bus 00-ff]
[    1.091369] pci 0000:00:01.1: legacy IDE quirk: reg 0x10: [io  0x01f0-0x01f7]
[    1.094794] pci 0000:00:01.1: legacy IDE quirk: reg 0x14: [io  0x03f6]
[    1.097532] pci 0000:00:01.1: legacy IDE quirk: reg 0x18: [io  0x0170-0x0177]
[    1.100238] pci 0000:00:01.1: legacy IDE quirk: reg 0x1c: [io  0x0376]
[    1.144285] pci 0000:00:07.0: quirk: [io  0x4000-0x403f] claimed by PIIX4 ACPI
[    1.148070] pci 0000:00:07.0: quirk: [io  0x4100-0x410f] claimed by PIIX4 SMB
[    1.185864] ACPI: PCI Interrupt Link [LNKA] (IRQs 5 9 10 *11)
[    1.189434] ACPI: PCI Interrupt Link [LNKB] (IRQs 5 9 *10 11)
[    1.192369] ACPI: PCI Interrupt Link [LNKC] (IRQs 5 *9 10 11)
[    1.195457] ACPI: PCI Interrupt Link [LNKD] (IRQs 5 9 10 *11)
[    1.198816] ACPI: Enabled 2 GPEs in block 00 to 07
[    1.201244] vgaarb: setting as boot device: PCI:0000:00:02.0
[    1.203413] vgaarb: device added: PCI:0000:00:02.0,decodes=io+mem,owns=io+mem,locks=none
[    1.206670] vgaarb: loaded
[    1.208105] vgaarb: bridge control possible 0000:00:02.0
[    1.210829] SCSI subsystem initialized
[    1.213202] ACPI: bus type USB registered
[    1.214881] usbcore: registered new interface driver usbfs
[    1.216962] usbcore: registered new interface driver hub
[    1.218994] usbcore: registered new device driver usb
[    1.221262] PCI: Using ACPI for IRQ routing
[    1.223632] NetLabel: Initializing
[    1.225067] NetLabel:  domain hash size = 128
[    1.226769] NetLabel:  protocols = UNLABELED CIPSOv4
[    1.230485] NetLabel:  unlabeled traffic allowed by default
[    1.232887] amd_nb: Cannot enumerate AMD northbridges
[    1.235083] clocksource: Switched to clocksource kvm-clock
[    1.244917] AppArmor: AppArmor Filesystem Enabled
[    1.247730] pnp: PnP ACPI init
[    1.250557] pnp: PnP ACPI: found 3 devices
[    1.277894] clocksource: acpi_pm: mask: 0xffffff max_cycles: 0xffffff, max_idle_ns: 2085701024 ns
[    1.281867] NET: Registered protocol family 2
[    1.283788] TCP established hash table entries: 8192 (order: 4, 65536 bytes)
[    1.286553] TCP bind hash table entries: 8192 (order: 5, 131072 bytes)
[    1.288975] TCP: Hash tables configured (established 8192 bind 8192)
[    1.291313] UDP hash table entries: 512 (order: 2, 16384 bytes)
[    1.293723] UDP-Lite hash table entries: 512 (order: 2, 16384 bytes)
[    1.296358] NET: Registered protocol family 1
[    1.298068] pci 0000:00:00.0: Limiting direct PCI/PCI transfers
[    1.300543] pci 0000:00:01.0: Activating ISA DMA hang workarounds
[    1.305345] Unpacking initramfs...
[    2.015325] Freeing initrd memory: 38656K
[    2.042812] RAPL PMU detected, API unit is 2^-32 Joules, 4 fixed counters 10737418240 ms ovfl timer
[    2.047076] hw unit of domain pp0-core 2^-0 Joules
[    2.049133] hw unit of domain package 2^-0 Joules
[    2.051080] hw unit of domain dram 2^-0 Joules
[    2.052892] hw unit of domain pp1-gpu 2^-0 Joules
[    2.054766] platform rtc_cmos: registered platform RTC device (no PNP device found)
[    2.057982] Scanning for low memory corruption every 60 seconds
[    2.060760] audit: initializing netlink subsys (disabled)
[    2.062813] audit: type=2000 audit(1555606855.808:1): initialized
[    2.065598] Initialise system trusted keyring
[    2.067606] HugeTLB registered 2 MB page size, pre-allocated 0 pages
[    2.071583] zbud: loaded
[    2.073111] VFS: Disk quotas dquot_6.6.0
[    2.075081] VFS: Dquot-cache hash table entries: 512 (order 0, 4096 bytes)
[    2.078025] squashfs: version 4.0 (2009/01/31) Phillip Lougher
[    2.080777] fuse init (API version 7.23)
[    2.082451] Key type big_key registered
[    2.084129] Allocating IMA MOK and blacklist keyrings.
[    2.087964] Key type asymmetric registered
[    2.089604] Asymmetric key parser 'x509' registered
[    2.091604] Block layer SCSI generic (bsg) driver version 0.4 loaded (major 249)
[    2.094883] io scheduler noop registered
[    2.096532] io scheduler deadline registered (default)
[    2.098563] io scheduler cfq registered
[    2.100264] pci_hotplug: PCI Hot Plug PCI Core version: 0.5
[    2.102352] pciehp: PCI Express Hot Plug Controller Driver version: 0.4
[    2.105420] ACPI: AC Adapter [AC] (off-line)
[    2.107139] input: Power Button as /devices/LNXSYSTM:00/LNXPWRBN:00/input/input0
[    2.110129] ACPI: Power Button [PWRF]
[    2.111792] input: Sleep Button as /devices/LNXSYSTM:00/LNXSLPBN:00/input/input1
[    2.114666] ACPI: Sleep Button [SLPF]
[    2.118337] ACPI: Battery Slot [BAT0] (battery present)
[    2.125844] GHES: HEST is not enabled!
[    2.146213] Serial: 8250/16550 driver, 32 ports, IRQ sharing enabled
[    2.176440] 00:02: ttyS0 at I/O 0x3f8 (irq = 4, base_baud = 115200) is a 16550A
[    2.186391] Linux agpgart interface v0.103
[    2.190817] loop: module loaded
[    2.192957] scsi host0: ata_piix
[    2.195193] scsi host1: ata_piix
[    2.196595] ata1: PATA max UDMA/33 cmd 0x1f0 ctl 0x3f6 bmdma 0xd000 irq 14
[    2.199104] ata2: PATA max UDMA/33 cmd 0x170 ctl 0x376 bmdma 0xd008 irq 15
[    2.201789] libphy: Fixed MDIO Bus: probed
[    2.203729] tun: Universal TUN/TAP device driver, 1.6
[    2.209462] tun: (C) 1999-2004 Max Krasnyansky <maxk@qualcomm.com>
[    2.212103] PPP generic driver version 2.4.2
[    2.214161] ehci_hcd: USB 2.0 'Enhanced' Host Controller (EHCI) Driver
[    2.216583] ehci-pci: EHCI PCI platform driver
[    2.218947] ehci-pci 0000:00:0b.0: EHCI Host Controller
[    2.220924] ehci-pci 0000:00:0b.0: new USB bus registered, assigned bus number 1
[    2.224235] ehci-pci 0000:00:0b.0: irq 19, io mem 0xf0840000
[    2.235231] ehci-pci 0000:00:0b.0: USB 2.0 started, EHCI 1.00
[    2.238364] usb usb1: New USB device found, idVendor=1d6b, idProduct=0002
[    2.241141] usb usb1: New USB device strings: Mfr=3, Product=2, SerialNumber=1
[    2.244324] usb usb1: Product: EHCI Host Controller
[    2.246181] usb usb1: Manufacturer: Linux 4.4.0-145-generic ehci_hcd
[    2.248579] usb usb1: SerialNumber: 0000:00:0b.0
[    2.250882] hub 1-0:1.0: USB hub found
[    2.252451] hub 1-0:1.0: 12 ports detected
[    2.254396] ehci-platform: EHCI generic platform driver
[    2.256495] ohci_hcd: USB 1.1 'Open' Host Controller (OHCI) Driver
[    2.258804] ohci-pci: OHCI PCI platform driver
[    2.261241] ohci-pci 0000:00:06.0: OHCI PCI host controller
[    2.263337] ohci-pci 0000:00:06.0: new USB bus registered, assigned bus number 2
[    2.266424] ohci-pci 0000:00:06.0: irq 22, io mem 0xf0804000
[    2.325482] usb usb2: New USB device found, idVendor=1d6b, idProduct=0001
[    2.329339] usb usb2: New USB device strings: Mfr=3, Product=2, SerialNumber=1
[    2.332431] usb usb2: Product: OHCI PCI host controller
[    2.334603] usb usb2: Manufacturer: Linux 4.4.0-145-generic ohci_hcd
[    2.336954] usb usb2: SerialNumber: 0000:00:06.0
[    2.338994] hub 2-0:1.0: USB hub found
[    2.340572] hub 2-0:1.0: 12 ports detected
[    2.342699] ohci-platform: OHCI generic platform driver
[    2.345427] uhci_hcd: USB Universal Host Controller Interface driver
[    2.347852] i8042: PNP: PS/2 Controller [PNP0303:PS2K,PNP0f03:PS2M] at 0x60,0x64 irq 1,12
[    2.351446] serio: i8042 KBD port at 0x60,0x64 irq 1
[    2.353664] serio: i8042 AUX port at 0x60,0x64 irq 12
[    2.355856] mousedev: PS/2 mouse device common for all mice
[    2.358326] input: AT Translated Set 2 keyboard as /devices/platform/i8042/serio0/input/input2
[    2.362325] rtc_cmos rtc_cmos: rtc core: registered rtc_cmos as rtc0
[    2.364825] rtc_cmos rtc_cmos: alarms up to one day, 114 bytes nvram
[    2.367231] i2c /dev entries driver
[    2.368784] device-mapper: uevent: version 1.0.3
[    2.370726] device-mapper: ioctl: 4.34.0-ioctl (2015-10-28) initialised: dm-devel@redhat.com
[    2.374060] ledtrig-cpu: registered to indicate activity on CPUs
[    2.377081] NET: Registered protocol family 10
[    2.379293] NET: Registered protocol family 17
[    2.381031] Key type dns_resolver registered
[    2.383411] registered taskstats version 1
[    2.385062] Loading compiled-in X.509 certificates
[    2.387609] Loaded X.509 cert 'Build time autogenerated kernel key: 766cb56454e39ea623681e1efb4bf4db48a2396c'
[    2.391302] zswap: loaded using pool lzo/zbud
[    2.395727] Key type trusted registered
[    2.400970] Key type encrypted registered
[    2.402582] AppArmor: AppArmor sha1 policy hashing enabled
[    2.404750] ima: No TPM chip found, activating TPM-bypass!
[    2.407031] ima: Allocated hash algorithm: sha1
[    2.408916] evm: HMAC attrs: 0x1
[    2.411013]   Magic number: 15:105:37
[    2.412667] bdi 7:2: hash matches
[    2.414227] rtc_cmos rtc_cmos: setting system clock to 2019-04-18 17:00:48 UTC (1555606848)
[    2.417689] BIOS EDD facility v0.16 2004-Jun-25, 0 devices found
[    2.420014] EDD information not available.
[    2.423364] Freeing unused kernel memory: 1484K
[    2.439188] Write protecting the kernel read-only data: 14336k
[    2.444421] Freeing unused kernel memory: 1620K
[    2.446705] Freeing unused kernel memory: 88K
Loading, please wait...
starting version 229
[    2.467000] random: systemd-udevd: uninitialized urandom read (16 bytes read, 3 bits of entropy available)
[    2.468000] random: udevadm: uninitialized urandom read (16 bytes read, 3 bits of entropy available)
[    2.468033] random: udevadm: uninitialized urandom read (16 bytes read, 3 bits of entropy available)
[    2.476005] random: udevadm: uninitialized urandom read (16 bytes read, 3 bits of entropy available)
[    2.476065] random: udevadm: uninitialized urandom read (16 bytes read, 3 bits of entropy available)
[    2.476234] random: udevadm: uninitialized urandom read (16 bytes read, 3 bits of entropy available)
[    2.476302] random: udevadm: uninitialized urandom read (16 bytes read, 3 bits of entropy available)
[    2.476362] random: udevadm: uninitialized urandom read (16 bytes read, 3 bits of entropy available)
[    2.476426] random: udevadm: uninitialized urandom read (16 bytes read, 3 bits of entropy available)
[    2.476491] random: udevadm: uninitialized urandom read (16 bytes read, 3 bits of entropy available)
[    2.560477] ACPI: Video Device [GFX0] (multi-head: yes  rom: no  post: no)
[    2.570487] input: Video Bus as /devices/LNXSYSTM:00/LNXSYBUS:00/PNP0A03:00/LNXVIDEO:00/input/input4
[    2.601089] e1000: Intel(R) PRO/1000 Network Driver - version 7.3.21-k8-NAPI
[    2.609532] e1000: Copyright (c) 1999-2006 Intel Corporation.
[    2.669373] Fusion MPT base driver 3.04.20
[    2.671414] Copyright (c) 1999-2008 LSI Corporation
[    2.679935] Fusion MPT SPI Host driver 3.04.20
[    2.684851] AVX2 version of gcm_enc/dec engaged.
[    2.687136] AES CTR mode by8 optimization enabled
[    2.876537] input: ImExPS/2 Generic Explorer Mouse as /devices/platform/i8042/serio1/input/input5
[    3.082330] tsc: Refined TSC clocksource calibration: 2700.818 MHz
[    3.085613] clocksource: tsc: mask: 0xffffffffffffffff max_cycles: 0x26ee42f9628, max_idle_ns: 440795233731 ns
[    3.246876] e1000 0000:00:03.0 eth0: (PCI:33MHz:32-bit) 02:20:67:8c:d5:af
[    3.257240] e1000 0000:00:03.0 eth0: Intel(R) PRO/1000 Network Connection
[    3.272055] mptbase: ioc0: Initiating bringup
[    3.635412] ioc0: LSI53C1030 A0: Capabilities={Initiator}
[    4.553092] scsi host2: ioc0: LSI53C1030 A0, FwRev=00000000h, Ports=1, MaxQ=256, IRQ=20
[    4.700464] scsi 2:0:0:0: Direct-Access     VBOX     HARDDISK         1.0  PQ: 0 ANSI: 5
[    4.705449] scsi target2:0:0: Beginning Domain Validation
[    4.710072] scsi target2:0:0: Domain Validation skipping write tests
[    4.712621] scsi target2:0:0: Ending Domain Validation
[    4.714652] scsi target2:0:0: asynchronous
[    4.716927] scsi 2:0:1:0: Direct-Access     VBOX     HARDDISK         1.0  PQ: 0 ANSI: 5
[    4.720101] scsi target2:0:1: Beginning Domain Validation
[    4.723473] scsi target2:0:1: Domain Validation skipping write tests
[    4.725880] scsi target2:0:1: Ending Domain Validation
[    4.727989] scsi target2:0:1: asynchronous
[    4.737778] sd 2:0:0:0: Attached scsi generic sg0 type 0
[    4.743382] sd 2:0:0:0: [sda] 20971520 512-byte logical blocks: (10.7 GB/10.0 GiB)
[    4.748151] sd 2:0:1:0: [sdb] 20480 512-byte logical blocks: (10.5 MB/10.0 MiB)
[    4.752206] sd 2:0:1:0: Attached scsi generic sg1 type 0
[    4.755295] sd 2:0:1:0: [sdb] Write Protect is off
[    4.757262] sd 2:0:0:0: [sda] Write Protect is off
[    4.759482] sd 2:0:1:0: [sdb] Incomplete mode parameter data
[    4.761713] sd 2:0:1:0: [sdb] Assuming drive cache: write through
[    4.764382] sd 2:0:0:0: [sda] Incomplete mode parameter data
[    4.766620] sd 2:0:0:0: [sda] Assuming drive cache: write through
[    4.772505]  sda: sda1
[    4.779436] sd 2:0:1:0: [sdb] Attached SCSI disk
[    4.782040] sd 2:0:0:0: [sda] Attached SCSI disk
[    5.614159] e1000 0000:00:08.0 eth1: (PCI:33MHz:32-bit) 08:00:27:70:7f:d0
[    5.617344] e1000 0000:00:08.0 eth1: Intel(R) PRO/1000 Network Connection
[    5.621220] e1000 0000:00:03.0 enp0s3: renamed from eth0
[    5.639728] e1000 0000:00:08.0 enp0s8: renamed from eth1
Begin: Loading e[    6.975341] md: linear personality registered for level -1
ssential drivers ... [    6.982860] md: multipath personality registered for level -4
[    6.988729] md: raid0 personality registered for level 0
[    6.995940] md: raid1 personality registered for level 1
[    7.071386] raid6: sse2x1   gen()  9089 MB/s
[    7.167693] raid6: sse2x1   xor()  2850 MB/s
[    7.235351] raid6: sse2x2   gen()  7995 MB/s
[    7.303561] raid6: sse2x2   xor()  4999 MB/s
[    7.371294] raid6: sse2x4   gen() 13388 MB/s
[    7.439383] raid6: sse2x4   xor()  6039 MB/s
[    7.509224] raid6: avx2x1   gen() 12660 MB/s
[    7.579366] raid6: avx2x2   gen() 20961 MB/s
[    7.647288] raid6: avx2x4   gen() 15612 MB/s
[    7.649517] raid6: using algorithm avx2x2 gen() 20961 MB/s
[    7.651790] raid6: using avx2x2 recovery algorithm
[    7.655547] xor: automatically using best checksumming function:
[    7.695307]    avx       : 37359.000 MB/sec
[    7.699121] async_tx: api initialized (async)
[    7.716332] md: raid6 personality registered for level 6
[    7.718801] md: raid5 personality registered for level 5
[    7.720871] md: raid4 personality registered for level 4
[    7.732131] md: raid10 personality registered for level 10
done.
Begin: Running /scripts/init-premount ... done.
Begin: Mounting root file system ... Begin: Running /scripts/local-top ... done.
Begin: Running /scripts/local-premount ... [    7.776099] Btrfs loaded
Scanning for Btrfs filesystems
done.
Warning: fsck not present, so skipping root file system
[    7.816652] EXT4-fs (sda1): mounted filesystem with ordered data mode. Opts: (null)
done.
Begin: Running /scripts/local-bottom ... done.
Begin: Running /scripts/init-bottom ... done.
[    7.956685] systemd[1]: systemd 229 running in system mode. (+PAM +AUDIT +SELINUX +IMA +APPARMOR +SMACK +SYSVINIT +UTMP +LIBCRYPTSETUP +GCRYPT +GNUTLS +ACL +XZ -LZ4 +SECCOMP +BLKID +ELFUTILS +KMOD -IDN)
[    7.970037] systemd[1]: Detected virtualization oracle.
[    7.972072] systemd[1]: Detected architectre x86-64.

Welcome to [1mUbuntu 16.04.5 LTS[0m!

[    8.093667] systemd[1]: Set hostname to <m1>.
[    8.374538] systemd[1]: Listening on Device-mapper event daemon FIFOs.
[[0;32m  OK  [0m] Listening on Device-mapper event daemon FIFOs.
[    8.592277] systemd[1]: Reached target Encrypted Volumes.
[[0;32m  OK  [0m] Reached target Encrypted Volumes.
[    8.599230] systemd[1]: Listening on Journal Socket (/dev/log).
[[0;32m  OK  [0m] Listening on Journal Socket (/dev/log).
[    8.605304] systemd[1]: Listening on Syslog Socket.
[[0;32m  OK  [0m] Listening on Syslog Socket.
[    8.610561] systemd[1]: Listening on /dev/initctl Compatibility Named Pipe.
[[0;32m  OK  [0m] Listening on /dev/initctl Compatibility Named Pipe.
[    8.617914] systemd[1]: Listening on udev Kernel Socket.
[[0;32m  OK  [0m] Listening on udev Kernel Socket.
[    8.624718] systemd[1]: Listening on udev Control Socket.
[[0;32m  OK  [0m] Listening on udev Control Socket.
[    8.631428] systemd[1]: Started Trigger resolvconf update for networkd DNS.
[[0;32m  OK  [0m] Started Trigger resolvconf update for networkd DNS.
[    8.639945] systemd[1]: Listening on LVM2 poll daemon socket.
[[0;32m  OK  [0m] Listening on LVM2 poll daemon socket.
[    8.646533] systemd[1]: Reached target Swap.
[[0;32m  OK  [0m] Reached target Swap.
[    8.653112] systemd[1]: Listening on LVM2 metadata daemon socket.
[[0;32m  OK  [0m] Listening on LVM2 metadata daemon socket.
[    8.659587] systemd[1]: Created slice System Slice.
[[0;32m  OK  [0m] Created slice System Slice.
[    8.665107] systemd[1]: Created slice system-serial\x2dgetty.slice.
[[0;32m  OK  [0m] Created slice system-serial\x2dgetty.slice.
[    8.695085] systemd[1]: Reached target User and Group Name Lookups.
[[0;32m  OK  [0m] Reached target User and Group Name Lookups.
[    8.703147] systemd[1]: Created slice User and Session Slice.
[[0;32m  OK  [0m] Created slice User and Session Slice.
[    8.708944] systemd[1]: Reached target Slices.
[[0;32m  OK  [0m] Reached target Slices.
[    8.715422] systemd[1]: Listening on Journal Audit Socket.
[[0;32m  OK  [0m] Listening on Journal Audit Socket.
[    8.722082] systemd[1]: Listening on Journal Socket.
[[0;32m  OK  [0m] Listening on Journal Socket.
[    8.979681] systemd[1]: Mounting POSIX Message Queue File System...
         Mounting POSIX Message Queue File System...
[    8.994328] systemd[1]: Starting Set console keymap...
         Starting Set console keymap...
[    9.002602] systemd[1]: Starting Nameserver information manager...
         Starting Nameserver information manager...
[    9.012656] systemd[1]: Starting Monitoring of LVM2 mirrors, snapshots etc. using dmeventd or progress polling...
         Starting Monitoring of LVM2 mirrors... dmeventd or progress polling...
[    9.056120] systemd[1]: Starting Remount Root and Kernel File Systems...
         [    9.065322] random: nonblocking pool is initialized
Starting Remount Root and Kernel File Systems...
[    9.084646] EXT4-fs (sda1): re-mounted. Opts: (null)
[    9.085649] systemd[1]: Starting Load Kernel Modules...
         Starting Load Ke[    9.093914] Loading iSCSI transport class v2.0-870.
rnel Modules...
[    9.098820] systemd[1]: Starting Journal Service...
         Starting Journal Service...
[    9.106332] systemd[1]: Started Forward Password Requests to Wall Directory Watch.
[[0;32m  OK  [0m] Started Forward Password Requests to Wall Directory Watch.
[    9.115391] iscsi: registered transport (tcp)
[    9.123009] systemd[1]: Starting Uncomplicated firewall...
         Starting Uncomplicated firewall...
[    9.130478] systemd[1]: Set up automount Arbitrary Executable File Formats File System Automount Point.
[[0;32m  OK  [0m] Set up automount Arbitrary Executab...ats File System Automount Point.
[    9.151418] systemd[1]: Mounting Huge Pages File System...
         Mounting Huge Pages File System...
[    9.158530] systemd[1]: Starting Create list of required static device nodes for the current kernel...
         Starting Create list of required st... nodes for the current kernel...
[    9.168079] systemd[1]: Mounting Debug File System...
         Mounting Debug File System...
[    9.172985] systemd[1]: Reached target System Time Synchronized.
[[0;32m  OK  [0m] Reached target System Time Synchronized.
[    9.185451] systemd[1]: Mounted Huge Pages File System.
[    9.187980] iscsi: registered transport (iser)
[[0;32m  OK  [0m] Mounted Huge Pages File System.
[    9.194760] systemd[1]: Mounted POSIX Message Queue File System.
[[0;32m  OK  [0m] Mounted POSIX Message Queue File System.
[    9.201652] systemd[1]: Mounted Debug File System.
[[0;32m  OK  [0m] Mounted Debug File System.
[    9.207554] systemd[1]: Started Journal Service.
[[0;32m  OK  [0m] Started Journal Service.
[[0;32m  OK  [0m] Started Set console keymap.
[[0;32m  OK  [0m] Started Remount Root and Kernel File Systems.
[[0;32m  OK  [0m] Started Load Kernel Modules.
[[0;32m  OK  [0m] Started Uncomplicated firewall.
[[0;32m  OK  [0m] Started Create list of required sta...ce nodes for the current kernel.
[[0;32m  OK  [0m] Started Nameserver information manager.
[[0;32m  OK  [0m] Started LVM2 metadata daemon.
         Starting Create Static Device Nodes in /dev...
         Mounting FUSE Control File System...
         Starting Apply Kernel Variables...
         Starting Load/Save Random Seed...
         Starting udev Coldplug all Devices...
         Starting Flush Journal to Persistent Storage...
[[0;32m  OK  [0m] Mounted FUSE Control File System.
[[0;32m  OK  [0m] Started Create Static Device Nodes in /dev.
[[0;32m  OK  [0m] Started Apply Kernel Variables.
[[0;32m  OK  [0m] Started Load/Save Random Seed.
[[0;32m  OK  [0m] Started udev Coldplug all Devices.
[[0;32m  OK  [0m] Started Flush Journal to Persistent Storage.
         Starting udev Kernel Device Manager...
[[0;32m  OK  [0m] Started Monitoring of LVM2 mirrors,...ng dmeventd or progress polling.
[[0;32m  OK  [0m] Started udev Kernel Device Manager.
[[0;32m  OK  [0m] Reached target Local File Systems (Pre).
[[0;32m  OK  [0m] Reached target Local File Systems.
         Starting Create Volatile Files and Directories...
         Starting Initial cloud-init job (pre-networking)...
         Starting Tell Plymouth To Write Out Runtime Data...
         Starting LSB: AppArmor initialization...
         Starting Set console font and keymap...
[[0;32m  OK  [0m] Started Dispatch Password Requests to Console Directory Watch.
[[0;32m  OK  [0m] Started Create Volatile Files and Directories.
[[0;32m  OK  [0m] Started Tell Plymouth To Write Out Runtime Data.
         Starting Update UTMP about System Boot/Shutdown...
[[0;32m  OK  [0m] Started Update UTMP about System Boot/Shutdown.
[[0;32m  OK  [0m] Started LSB: AppArmor initialization.
[   10.364183] intel_rapl: no valid rapl domains found in package 0
[[0;32m  OK  [0m] Found device /dev/ttyS0.
[[0;32m  OK  [0m] Listening on Load/Save RF Kill Switch Status /dev/rfkill Watch.
[[0;32m  OK  [0m] Found device 82540EM Gigabit Ethern...r (PRO/1000 MT Desktop Adapter).
[[0;32m  OK  [0m] Found device 82540EM Gigabit Ethern...r (PRO/1000 MT Desktop Adapter).
[[0;32m  OK  [0m] Started Set console font and keymap.
[[0;32m  OK  [0m] Created slice system-getty.slice.
[[0;32m  OK  [0m] Reached target Sound Card.
[   11.716369] cloud-init[484]: Cloud-init v. 18.3-9-g2e62cb8a-0ubuntu1~16.04.2 running 'init-local' at Thu, 18 Apr 2019 17:00:58 +0000. Up 11.45 seconds.
[[0;32m  OK  [0m] Started Initial cloud-init job (pre-networking).
[[0;32m  OK  [0m] Reached target Network (Pre).
[[0;32m  OK  [0m] Started ifup for enp0s3.
[[0;32m  OK  [0m] Started ifup for enp0s8.
         Starting Raise network interfaces...
[[0;32m  OK  [0m] Started Raise network interfaces.
         Starting Initial cloud-init job (metadata service crawler)...
[[0;32m  OK  [0m] Reached target Network.
[   12.725553] cloud-init[1066]: Cloud-init v. 18.3-9-g2e62cb8a-0ubuntu1~16.04.2 running 'init' at Thu, 18 Apr 2019 17:00:59 +0000. Up 12.38 seconds.
[   12.739714] cloud-init[1066]: ci-info: ++++++++++++++++++++++++++++++++++++++Net device info+++++++++++++++++++++++++++++++++++++++
[   12.769059] cloud-init[1066]: ci-info: +--------+------+-----------------------------+---------------+--------+-------------------+
[   12.782056] cloud-init[1066]: ci-info: | Device |  Up  |           Address           |      Mask     | Scope  |     Hw-Address    |
[[0;32m  OK  [0m] Started Initial cloud-init job (metadata service crawler).
[[0;32m  OK  [0m] Reached target System Initialization.
[[0;32m  OK  [0m] Listening on D-Bus System Message Bus Socket.
[   12.801596] cloud-init[1066]: ci-info: +--------+------+-----------------------------+---------------+--------+-------------------+
[   12.828465] cloud-init[1066]: ci-info: | enp0s3 | True |          10.0.2.15          | 255.255.255.0 | global | 02:20:67:8c:d5:af |
[   12.840718] cloud-init[1066]: ci-info: | enp0s3 | True |  fe80::20:67ff:fe8c:d5af/64 |       .       |  link  | 02:20:67:8c:d5:af |
[[0;32m  OK  [0m] Started ACPI Events Check.
[[0;32m  OK  [0m] Reached target Paths.
[   12.857440] cloud-init[1066]: ci-info: | enp0s8 | True |         192.168.1.30        | 255.255.255.0 | global | 08:00:27:70:7f:d0 |
[   12.880212] cloud-init[1066]: ci-info: | enp0s8 | True | fe80::a00:27ff:fe70:7fd0/64 |       .       |  link  | 08:00:27:70:7f:d0 |
[   12.880314] cloud-init[1066]: ci-info: |   lo   | True |          127.0.0.1          |   255.0.0.0   |  host  |         .         |
[   12.880350] cloud-init[1066]: ci-info: |   lo   | True |           ::1/128           |       .       |  host  |         .         |
[   12.881080] cloud-init[1066]: ci-info: +--------+------+-----------------------------+---------------+--------+-------------------+
[   12.881653] cloud-init[1066]: ci-info: +++++++++++++++++++++++++++Route IPv4 info++++++++++++++++++++++++++++
[   12.881694] cloud-init[1066]: ci-info: +-------+-------------+----------+---------------+-----------+-------+
[   12.881728] cloud-init[1066]: ci-info: | Route | Destination | Gateway  |    Genmask    | Interface | Flags |
[   12.881760] cloud-init[1066]: ci-info: +-------+-------------+----------+---------------+-----------+-------+
[   12.881792] cloud-init[1066]: ci-info: |   0   |   0.0.0.0   | 10.0.2.2 |    0.0.0.0    |   enp0s3  |   UG  |
[   12.881830] cloud-init[1066]: ci-info: |   1   |   10.0.2.0  | 0.0.0.0  | 255.255.255.0 |   enp0s3  |   U   |
[   12.881863] cloud-init[1066]: ci-info: |   2   | 192.168.1.0 | 0.0.0.0  | 255.255.255.0 |   enp0s8  |   U   |
[   12.881895] cloud-init[1066]: ci-info: +-------+-------------+----------+---------------+-----------+-------+
[   12.881925] cloud-init[1066]: ci-info: +++++++++++++++++++Route IPv6 info+++++++++++++++++++
[   12.881957] cloud-init[1066]: ci-info: +-------+-------------+---------+-----------+-------+
[   12.882005] cloud-init[1066]: ci-info: | Route | Destination | Gateway | Interface | Flags |
[   12.882043] cloud-init[1066]: ci-info: +-------+-------------+---------+-----------+-------+
[   12.882074] cloud-init[1066]: ci-info: |   0   |  fe80::/64  |    ::   |   enp0s8  |   U   |
[   12.882105] cloud-init[1066]: ci-info: |   1   |  fe80::/64  |    ::   |   enp0s3  |   U   |
[   12.882140] cloud-init[1066]: ci-info: |   4   |   ff00::/8  |    ::   |   enp0s8  |   U   |
[   12.882172] cloud-init[1066]: ci-info: |   5   |   ff00::/8  |    ::   |   enp0s3  |   U   |
[   12.882204] cloud-init[1066]: ci-info: +-------+-------------+---------+-----------+-------+
[[0;32m  OK  [0m] Started Daily Cleanup of Temporary Directories.
[[0;32m  OK  [0m] Listening on ACPID Listen Socket.
         Starting Socket activation for snappy daemon.
[[0;32m  OK  [0m] Listening on UUID daemon activation socket.
         Starting LXD - unix socket.
[[0;32m  OK  [0m] Started Daily apt download activities.
[[0;32m  OK  [0m] Started Daily apt upgrade and clean activities.
         Starting Docker Socket for the API.
[[0;32m  OK  [0m] Reached target Timers.
[[0;32m  OK  [0m] Reached target Cloud-config availability.
[[0;32m  OK  [0m] Reached target Network is Online.
         Starting iSCSI initiator daemon (iscsid)...
[[0;32m  OK  [0m] Listening on Socket activation for snappy daemon.
[[0;32m  OK  [0m] Listening on LXD - unix socket.
[[0;32m  OK  [0m] Listening on Docker Socket for the API.
[[0;32m  OK  [0m] Started iSCSI initiator daemon (iscsid).
         Starting Login to default iSCSI targets...
[[0;32m  OK  [0m] Reached target Sockets.
[[0;32m  OK  [0m] Reached target Basic System.
         Starting Thermal Daemon Service...
         Starting Accounts Service...
[[0;32m  OK  [0m] Started FUSE filesystem for LXC.
         Starting System Logging Service...
[[0;32m  OK  [0m] Started Regular background program processing daemon.
         Starting Virtualbox guest utils...
         Starting LSB: Record successful boot for GRUB...
[[0;32m  OK  [0m] Started D-Bus System Message Bus.
         Starting Login Service...
         Starting Snappy daemon...
[[0;32m  OK  [0m] Started Deferred execution scheduler.
         Starting /etc/rc.local Compatibility...
[[0;32m  OK  [0m] Started ACPI event daemon.
         Starting LXD - container startup/shutdown...
         Starting containerd container runtime...
         Starting OpenBSD Secure Shell server...
[[0;32m  OK  [0m] Started Unattended Upgrades Shutdown.
         Starting LSB: MD monitoring daemon...
[[0;32m  OK  [0m] Started System Logging Service.
[[0;32m  OK  [0m] Started Thermal Daemon Service.
[[0;32m  OK  [0m] Started /etc/rc.local Compatibility.
[[0;32m  OK  [0m] Started containerd container runtime.
[[0;32m  OK  [0m] Started LXD - container startup/shutdown.
[[0;32m  OK  [0m] Started OpenBSD Secure Shell server.
[[0;32m  OK  [0m] Started Login to default iSCSI targets.
[[0;32m  OK  [0m] Started LSB: Record successful boot for GRUB.
         Starting Authenticate and Authorize Users to Run Privileged Tasks...
[[0;32m  OK  [0m] Reached target Remote File Systems (Pre).
[[0;32m  OK  [0m] Reached target Remote File Systems.
         Starting LSB: Set the CPU Frequency Scaling governor to "ondemand"...
         Starting LSB: Set up cgroupfs mounts....
         Starting LSB: daemon to balance interrupts for SMP systems...
         Starting LSB: automatic crash report generation...
         Starting LSB: mosquitto MQTT v3.1 message broker...
         Starting Permit User Sessions...
         Starting Docker Application Container Engine...
[[0;32m  OK  [0m] Started Snappy daemon.
[[0;32m  OK  [0m] Started Virtualbox guest utils.
[[0;32m  OK  [0m] Started LSB: MD monitoring daemon.
[[0;32m  OK  [0m] Started LSB: Set up cgroupfs mounts..
[[0;32m  OK  [0m] Started Permit User Sessions.
[[0;32m  OK  [0m] Started Login Service.
[[0;32m  OK  [0m] Started Authenticate and Authorize Users to Run Privileged Tasks.
[[0;32m  OK  [0m] Started Accounts Service.
[[0;32m  OK  [0m] Started LSB: Set the CPU Frequency Scaling governor to "ondemand".
[[0;32m  OK  [0m] Started LSB: mosquitto MQTT v3.1 message broker.
         Starting Hold until boot process finishes up...
         Starting Terminate Plymouth Boot Screen...
         Starting Wait until snapd is fully seeded...
[[0;32m  OK  [0m] Started LSB: daemon to balance interrupts for SMP systems.
[[0;32m  OK  [0m] Started Hold until boot process finishes up.
[[0;32m  OK  [0m] Started LSB: automatic crash report generation.
[[0;32m  OK  [0m] Started Terminate Plymouth Boot Screen.
         Starting Set console scheme...
[[0;32m  OK  [0m] Started Serial Getty on ttyS0.
[[0;32m  OK  [0m] Started Getty on tty1.
[[0;32m  OK  [0m] Reached target Login Prompts.
[[0;32m  OK  [0m] Started Wait until snapd is fully seeded.
[[0;32m  OK  [0m] Started Set console scheme.
         Starting Apply the settings specified in cloud-config...
[   15.072793] cloud-init[1352]: Cloud-init v. 18.3-9-g2e62cb8a-0ubuntu1~16.04.2 running 'modules:config' at Thu, 18 Apr 2019 17:01:01 +0000. Up 14.87 seconds.
[[0;32m  OK  [0m] Started Apply the settings specified in cloud-config.
[[0;32m  OK  [0m] Started Docker Application Container Engine.
[[0;32m  OK  [0m] Reached target Multi-User System.
[[0;32m  OK  [0m] Reached target Graphical Interface.
         Starting Update UTMP about System Runlevel Changes...
         Starting Execute cloud user/final scripts...
[[0;32m  OK  [0m] Started Update UTMP about System Runlevel Changes.
[[0;32m  OK  [0m] Created slice User Slice of vagrant.
         Starting User Manager for UID 1000...
[[0;32m  OK  [0m] Started Session 1 of user vagrant.
[[0;32m  OK  [0m] Started User Manager for UID 1000.
[   15.952347] cloud-init[1539]: Cloud-init v. 18.3-9-g2e62cb8a-0ubuntu1~16.04.2 running 'modules:final' at Thu, 18 Apr 2019 17:01:02 +0000. Up 15.73 seconds.
[   15.965844] cloud-init[1539]: Cloud-init v. 18.3-9-g2e62cb8a-0ubuntu1~16.04.2 finished at Thu, 18 Apr 2019 17:01:02 +0000. Datasource DataSourceNoCloud [seed=/dev/sdb][dsmode=net].  Up 15.94 seconds
[[0;32m  OK  [0m] Started Execute cloud user/final scripts.
[[0;32m  OK  [0m] Reached target Cloud-init target.

Ubuntu 16.04.5 LTS m1 ttyS0

m1 login: [14445.855558] usb 2-1: ch341_read_int_callback - usb_submit_urb failed: -19
[14445.859763] usb 2-1: failed to send control message: -19
[16901.826783] usb 2-1: ch341_read_int_callback - usb_submit_urb failed: -19
[16901.831084] usb 2-1: failed to send control message: -19
         Stopping Session 10 of user vagrant.
[  OK  ] Closed Load/Save RF Kill Switch Status /dev/rfkill Watch.
[  OK  ] Stopped target Timers.
         Stoe         Stopping Getty on tty1...
         Stopping Deferred execution scheduler...
         Stopping Unattended Upgrades Shutdown...
         Stopping LSB: mosquitto MQTT v3.1 message broker...
         Stopping LSB: daemon to balance interrupts for SMP systems...
         Stopping LSB: automatic crash report generation...
         Stopping LSB: Set up cgroupfs mounts....
         Stopping OpenBSD Secure Shell server...
         Stopping LSB: Set the CPU Frequency Scaling governor to "ondemand"...
[  OK  ] Stopped target Cloud-config availability.
[  OK  ] Stopped Daily Cleanup of Temporary Directories.
         Stopping LSB: MD monitoring daemon...
         Stopping LSB: Record successful boot for GRUB...
[  OK  ] Unmounted /var/lib/lxcfs.
[  OK  ] Stopped Accounts Service.
[  OK  ] Stopped System Logging Service.
[  OK  ] Stopped Regular background program processing daemon.
[  OK  ] Stopped Deferred execution scheduler.
[  OK  ] Stopped ACPI event daemon.
[  OK  ] Stopped OpenBSD Secure Shell server.
[  OK  ] Stopped Docker Application Container Engine.
[  OK  ] Stopped Serial Getty on ttyS0.
[  OK  ] Stopped Getty on tty1.
[  OK  ] Stopped User Manager for UID 1000.
[  OK  ] Stopped Authenticate and Authorize Users to Run Privileged Tasks.
[  OK  ] Stopped Session 10 of user vagrant.
[  OK  ] Stopped Session 13 of user vagrant.
[  OK  ] Stopped D-Bus System Message Bus.
[  OK  ] Stopped Unattended Upgrades Shutdown.
[  OK  ] Stopped LSB: Set up cgroupfs mounts..
[  OK  ] Stopped FUSE filesystem for LXC.
[  OK  ] Stopped LXD - container startup/shutdown.
[  OK  ] Stopped LSB: mosquitto MQTT v3.1 message broker.
[  OK  ] Stopped LSB: daemon to balance interrupts for SMP systems.
[  OK  ] Stopped Virtualbox guest utils.
[  OK  ] Stopped LSB: automatic crash report generation.
[  OK  ] Stopped LSB: Set the CPU Frequency Scaling governor to "ondemand".
[  OK  ] Stopped LSB: MD monitoring daemon.
[  OK  ] Stopped LSB: Record successful boot for GRUB.
[  OK  ] Removed slice system-getty.slice.
[  OK  ] Stopped /etc/rc.local Compatibility.
[  OK  ] Removed slice system-serial\x2dgetty.slice.
         Stopping containerd container runtime...
[  OK  ] Stopped containerd container runtime.
[  OK  ] Stopped Session 2 of user vagrant.
[  OK  ] Removed slice User Slice of vagrant.
         Stopping Login Service...
         Stopping Permit User Sessions...
[  OK  ] Stopped Permit User Sessions.
[  OK  ] Stopped target Remote File Systems.
[  OK  ] Stopped target Remote File Systems (Pre).
         Stopping Login to default iSCSI targets...
[  OK  ] Stopped Login Service.
[  OK  ] Stopped target User and Group Name Lookups.
[  OK  ] Stopped target Basic System.
[  OK  ] Stopped target Paths.
[  OK  ] Stopped Dispatch Password Requests to Console Directory Watch.
[  OK  ] Stopped ACPI Events Check.
[  OK  ] Stopped Forward Password Requests to Wall Directory Watch.
[  OK  ] Stopped target Sockets.
[  OK  ] Closed LXD - unix socket.
[  OK  ] Closed Syslog Socket.
[  OK  ] Closed ACPID Listen Socket.
[  OK  ] Closed UUID daemon activation socket.
[  OK  ] Closed Docker Socket for the API.
[  OK  ] Closed Socket activation for snappy daemon.
[  OK  ] Stopped target Slices.
[  OK  ] Removed slice User and Session Slice.
[  OK  ] Closed D-Bus System Message Bus Socket.
[  OK  ] Stopped target System Initialization.
         Stopping Load/Save Random Seed...
[  OK  ] Stopped target Encrypted Volumes.
         Stopping Update UTMP about System Boot/Shutdown...
[  OK  ] Stopped target Swap.
[  OK  ] Stopped Load/Save Random Seed.
[  OK  ] Stopped Update UTMP about System Boot/Shutdown.
[  OK  ] Stopped Login to default iSCSI targets.
         Stopping iSCSI initiator daemon (iscsid)...
[  OK  ] Stopped Create Volatile Files and Directories.
[  OK  ] Stopped iSCSI initiator daemon (iscsid).
[  OK  ] Stopped target Network is Online.
[  OK  ] Stopped Initial cloud-init job (metadata service crawler).
[  OK  ] Stopped target Network.
         Stopping Raise network interfaces...
[  OK  ] Stopped Raise network interfaces.
[  OK  ] Stopped target Network (Pre).
[  OK  ] Stopped Initial cloud-init job (pre-networking).
[  OK  ] Stopped target Local File Systems.
         Unmounting /vagrant...
         Unmounting /run/user/1000...
[  OK  ] Stopped Apply Kernel Variables.
[  OK  ] Stopped Load Kernel Modules.
[  OK  ] Unmounted /run/user/1000.
[  OK  ] Unmounted /vagrant.
[  OK  ] Reached target Unmount All Filesystems.
[  OK  ] Stopped target Local File Systems (Pre).
[  OK  ] Stopped Remount Root and Kernel File Systems.
[  OK  ] Stopped Create Static Device Nodes in /dev.
[  OK  ] Reached target Shutdown.
[21923.006790] reboot: Power down
